<?xml version="1.0" encoding="UTF-8"?>
<testng-results ignored="0" total="1" passed="1" failed="0" skipped="0">
  <reporter-output>
  </reporter-output>
  <suite started-at="2021-02-06T17:40:04Z" name="Default suite" finished-at="2021-02-06T17:40:28Z" duration-ms="23687">
    <groups>
    </groups>
    <test started-at="2021-02-06T17:40:04Z" name="Default test" finished-at="2021-02-06T17:40:28Z" duration-ms="23687">
      <class name="shopno_test1.location_check">
        <test-method signature="ChooseLocation()[pri:0, instance:shopno_test1.location_check@51c668e3]" started-at="2021-02-06T17:40:04Z" name="ChooseLocation" finished-at="2021-02-06T17:40:28Z" duration-ms="23658" status="PASS">
          <reporter-output>
          </reporter-output>
        </test-method> <!-- ChooseLocation -->
      </class> <!-- shopno_test1.location_check -->
    </test> <!-- Default test -->
  </suite> <!-- Default suite -->
</testng-results>
